# JRE version: OpenJDK Runtime Environment Temurin-21.0.6+7 (21.0.6+7) (build 21.0.6+7-LTS)
# Java VM: OpenJDK 64-Bit Server VM Temurin-21.0.6+7 (21.0.6+7-LTS, mixed mode, sharing, tiered, compressed oops, compressed class ptrs, parallel gc, windows-amd64)
GC Precious Log:
 CardTable entry size: 512
 CPUs: 8 total, 8 available
 Memory: 16252M
 Large Page Support: Disabled
 NUMA Support: Disabled
 Compressed Oops: Enabled (32-bit)
 Alignments: Space 512K, Generation 512K, Heap 2M
 Heap Min Capacity: 100M
 Heap Initial Capacity: 100M
 Heap Max Capacity: 1G
 Pre-touch: Disabled
 Parallel Workers: 8
Heap:
 PSYoungGen      total 7168K, used 7117K [0x00000000eab00000, 0x00000000eb580000, 0x0000000100000000)
  eden space 5632K, 100% used [0x00000000eab00000,0x00000000eb080000,0x00000000eb080000)
  from space 1536K, 96% used [0x00000000eb200000,0x00000000eb373638,0x00000000eb380000)
  to   space 2048K, 46% used [0x00000000eb380000,0x00000000eb46fe38,0x00000000eb580000)
 ParOldGen       total 697856K, used 697537K [0x00000000c0000000, 0x00000000ea980000, 0x00000000eab00000)
  object space 697856K, 99% used [0x00000000c0000000,0x00000000ea9305f8,0x00000000ea980000)
 Metaspace       used 60252K, committed 61632K, reserved 1114112K
  class space    used 6277K, committed 6912K, reserved 1048576K
GC Heap History (20 events):
Event: 28.163 GC heap before
{Heap before GC invocations=1183 (full 3):
 PSYoungGen      total 7168K, used 7136K [0x00000000eab00000, 0x00000000ebc00000, 0x0000000100000000)
  eden space 4096K, 100% used [0x00000000eab00000,0x00000000eaf00000,0x00000000eaf00000)
  from space 3072K, 98% used [0x00000000eaf00000,0x00000000eb1f82a8,0x00000000eb200000)
  to   space 6656K, 0% used [0x00000000eb580000,0x00000000eb580000,0x00000000ebc00000)
 ParOldGen       total 677376K, used 676977K [0x00000000c0000000, 0x00000000e9580000, 0x00000000eab00000)
  object space 677376K, 99% used [0x00000000c0000000,0x00000000e951c4d0,0x00000000e9580000)
 Metaspace       used 59831K, committed 61248K, reserved 1114112K
  class space    used 6216K, committed 6848K, reserved 1048576K
}
Event: 28.166 GC heap after
{Heap after GC invocations=1183 (full 3):
 PSYoungGen      total 9216K, used 3819K [0x00000000eab00000, 0x00000000eb980000, 0x0000000100000000)
  eden space 5120K, 0% used [0x00000000eab00000,0x00000000eab00000,0x00000000eb000000)
  from space 4096K, 93% used [0x00000000eb580000,0x00000000eb93ae10,0x00000000eb980000)
  to   space 4608K, 0% used [0x00000000eb080000,0x00000000eb080000,0x00000000eb500000)
 ParOldGen       total 678400K, used 678130K [0x00000000c0000000, 0x00000000e9680000, 0x00000000eab00000)
  object space 678400K, 99% used [0x00000000c0000000,0x00000000e963ca78,0x00000000e9680000)
 Metaspace       used 59831K, committed 61248K, reserved 1114112K
  class space    used 6216K, committed 6848K, reserved 1048576K
}
Event: 28.198 GC heap before
{Heap before GC invocations=1184 (full 3):
 PSYoungGen      total 9216K, used 8818K [0x00000000eab00000, 0x00000000eb980000, 0x0000000100000000)
  eden space 5120K, 97% used [0x00000000eab00000,0x00000000eafe1bb8,0x00000000eb000000)
  from space 4096K, 93% used [0x00000000eb580000,0x00000000eb93ae10,0x00000000eb980000)
  to   space 4608K, 0% used [0x00000000eb080000,0x00000000eb080000,0x00000000eb500000)
 ParOldGen       total 678400K, used 678130K [0x00000000c0000000, 0x00000000e9680000, 0x00000000eab00000)
  object space 678400K, 99% used [0x00000000c0000000,0x00000000e963ca78,0x00000000e9680000)
 Metaspace       used 59849K, committed 61248K, reserved 1114112K
  class space    used 6217K, committed 6848K, reserved 1048576K
}
Event: 28.201 GC heap after
{Heap after GC invocations=1184 (full 3):
 PSYoungGen      total 8192K, used 2100K [0x00000000eab00000, 0x00000000eb700000, 0x0000000100000000)
  eden space 5632K, 0% used [0x00000000eab00000,0x00000000eab00000,0x00000000eb080000)
  from space 2560K, 82% used [0x00000000eb080000,0x00000000eb28d198,0x00000000eb300000)
  to   space 3072K, 0% used [0x00000000eb400000,0x00000000eb400000,0x00000000eb700000)
 ParOldGen       total 681984K, used 681674K [0x00000000c0000000, 0x00000000e9a00000, 0x00000000eab00000)
  object space 681984K, 99% used [0x00000000c0000000,0x00000000e99b2a78,0x00000000e9a00000)
 Metaspace       used 59849K, committed 61248K, reserved 1114112K
  class space    used 6217K, committed 6848K, reserved 1048576K
}
Event: 28.219 GC heap before
{Heap before GC invocations=1185 (full 3):
 PSYoungGen      total 8192K, used 7732K [0x00000000eab00000, 0x00000000eb700000, 0x0000000100000000)
  eden space 5632K, 100% used [0x00000000eab00000,0x00000000eb080000,0x00000000eb080000)
  from space 2560K, 82% used [0x00000000eb080000,0x00000000eb28d198,0x00000000eb300000)
  to   space 3072K, 0% used [0x00000000eb400000,0x00000000eb400000,0x00000000eb700000)
 ParOldGen       total 681984K, used 681674K [0x00000000c0000000, 0x00000000e9a00000, 0x00000000eab00000)
  object space 681984K, 99% used [0x00000000c0000000,0x00000000e99b2a78,0x00000000e9a00000)
 Metaspace       used 59857K, committed 61248K, reserved 1114112K
  class space    used 6217K, committed 6848K, reserved 1048576K
}
Event: 28.222 GC heap after
{Heap after GC invocations=1185 (full 3):
 PSYoungGen      total 8704K, used 2952K [0x00000000eab00000, 0x00000000eb900000, 0x0000000100000000)
  eden space 5632K, 0% used [0x00000000eab00000,0x00000000eab00000,0x00000000eb080000)
  from space 3072K, 96% used [0x00000000eb400000,0x00000000eb6e2380,0x00000000eb700000)
  to   space 3584K, 0% used [0x00000000eb080000,0x00000000eb080000,0x00000000eb400000)
 ParOldGen       total 683520K, used 683399K [0x00000000c0000000, 0x00000000e9b80000, 0x00000000eab00000)
  object space 683520K, 99% used [0x00000000c0000000,0x00000000e9b61c80,0x00000000e9b80000)
 Metaspace       used 59857K, committed 61248K, reserved 1114112K
  class space    used 6217K, committed 6848K, reserved 1048576K
}
Event: 28.242 GC heap before
{Heap before GC invocations=1186 (full 3):
 PSYoungGen      total 8704K, used 8584K [0x00000000eab00000, 0x00000000eb900000, 0x0000000100000000)
  eden space 5632K, 100% used [0x00000000eab00000,0x00000000eb080000,0x00000000eb080000)
  from space 3072K, 96% used [0x00000000eb400000,0x00000000eb6e2380,0x00000000eb700000)
  to   space 3584K, 0% used [0x00000000eb080000,0x00000000eb080000,0x00000000eb400000)
 ParOldGen       total 683520K, used 683399K [0x00000000c0000000, 0x00000000e9b80000, 0x00000000eab00000)
  object space 683520K, 99% used [0x00000000c0000000,0x00000000e9b61c80,0x00000000e9b80000)
 Metaspace       used 59861K, committed 61248K, reserved 1114112K
  class space    used 6217K, committed 6848K, reserved 1048576K
}
Event: 28.245 GC heap after
{Heap after GC invocations=1186 (full 3):
 PSYoungGen      total 8192K, used 2443K [0x00000000eab00000, 0x00000000eb680000, 0x0000000100000000)
  eden space 5632K, 0% used [0x00000000eab00000,0x00000000eab00000,0x00000000eb080000)
  from space 2560K, 95% used [0x00000000eb080000,0x00000000eb2e2f90,0x00000000eb300000)
  to   space 3072K, 0% used [0x00000000eb380000,0x00000000eb380000,0x00000000eb680000)
 ParOldGen       total 685056K, used 685020K [0x00000000c0000000, 0x00000000e9d00000, 0x00000000eab00000)
  object space 685056K, 99% used [0x00000000c0000000,0x00000000e9cf72a0,0x00000000e9d00000)
 Metaspace       used 59861K, committed 61248K, reserved 1114112K
  class space    used 6217K, committed 6848K, reserved 1048576K
}
Event: 28.268 GC heap before
{Heap before GC invocations=1187 (full 3):
 PSYoungGen      total 8192K, used 8075K [0x00000000eab00000, 0x00000000eb680000, 0x0000000100000000)
  eden space 5632K, 100% used [0x00000000eab00000,0x00000000eb080000,0x00000000eb080000)
  from space 2560K, 95% used [0x00000000eb080000,0x00000000eb2e2f90,0x00000000eb300000)
  to   space 3072K, 0% used [0x00000000eb380000,0x00000000eb380000,0x00000000eb680000)
 ParOldGen       total 685056K, used 685020K [0x00000000c0000000, 0x00000000e9d00000, 0x00000000eab00000)
  object space 685056K, 99% used [0x00000000c0000000,0x00000000e9cf72a0,0x00000000e9d00000)
 Metaspace       used 59861K, committed 61248K, reserved 1114112K
  class space    used 6217K, committed 6848K, reserved 1048576K
}
Event: 28.271 GC heap after
{Heap after GC invocations=1187 (full 3):
 PSYoungGen      total 8192K, used 2454K [0x00000000eab00000, 0x00000000eb600000, 0x0000000100000000)
  eden space 5632K, 0% used [0x00000000eab00000,0x00000000eab00000,0x00000000eb080000)
  from space 2560K, 95% used [0x00000000eb380000,0x00000000eb5e5a60,0x00000000eb600000)
  to   space 2560K, 0% used [0x00000000eb080000,0x00000000eb080000,0x00000000eb300000)
 ParOldGen       total 687104K, used 686854K [0x00000000c0000000, 0x00000000e9f00000, 0x00000000eab00000)
  object space 687104K, 99% used [0x00000000c0000000,0x00000000e9ec1ba8,0x00000000e9f00000)
 Metaspace       used 59861K, committed 61248K, reserved 1114112K
  class space    used 6217K, committed 6848K, reserved 1048576K
}
Event: 28.291 GC heap before
{Heap before GC invocations=1188 (full 3):
 PSYoungGen      total 8192K, used 8086K [0x00000000eab00000, 0x00000000eb600000, 0x0000000100000000)
  eden space 5632K, 100% used [0x00000000eab00000,0x00000000eb080000,0x00000000eb080000)
  from space 2560K, 95% used [0x00000000eb380000,0x00000000eb5e5a60,0x00000000eb600000)
  to   space 2560K, 0% used [0x00000000eb080000,0x00000000eb080000,0x00000000eb300000)
 ParOldGen       total 687104K, used 686854K [0x00000000c0000000, 0x00000000e9f00000, 0x00000000eab00000)
  object space 687104K, 99% used [0x00000000c0000000,0x00000000e9ec1ba8,0x00000000e9f00000)
 Metaspace       used 59861K, committed 61248K, reserved 1114112K
  class space    used 6217K, committed 6848K, reserved 1048576K
}
Event: 28.294 GC heap after
{Heap after GC invocations=1188 (full 3):
 PSYoungGen      total 8192K, used 2144K [0x00000000eab00000, 0x00000000eb580000, 0x0000000100000000)
  eden space 5632K, 0% used [0x00000000eab00000,0x00000000eab00000,0x00000000eb080000)
  from space 2560K, 83% used [0x00000000eb080000,0x00000000eb298000,0x00000000eb300000)
  to   space 2560K, 0% used [0x00000000eb300000,0x00000000eb300000,0x00000000eb580000)
 ParOldGen       total 689152K, used 689083K [0x00000000c0000000, 0x00000000ea100000, 0x00000000eab00000)
  object space 689152K, 99% used [0x00000000c0000000,0x00000000ea0eed18,0x00000000ea100000)
 Metaspace       used 59861K, committed 61248K, reserved 1114112K
  class space    used 6217K, committed 6848K, reserved 1048576K
}
Event: 28.313 GC heap before
{Heap before GC invocations=1189 (full 3):
 PSYoungGen      total 8192K, used 7776K [0x00000000eab00000, 0x00000000eb580000, 0x0000000100000000)
  eden space 5632K, 100% used [0x00000000eab00000,0x00000000eb080000,0x00000000eb080000)
  from space 2560K, 83% used [0x00000000eb080000,0x00000000eb298000,0x00000000eb300000)
  to   space 2560K, 0% used [0x00000000eb300000,0x00000000eb300000,0x00000000eb580000)
 ParOldGen       total 689152K, used 689083K [0x00000000c0000000, 0x00000000ea100000, 0x00000000eab00000)
  object space 689152K, 99% used [0x00000000c0000000,0x00000000ea0eed18,0x00000000ea100000)
 Metaspace       used 59861K, committed 61248K, reserved 1114112K
  class space    used 6217K, committed 6848K, reserved 1048576K
}
Event: 28.316 GC heap after
{Heap after GC invocations=1189 (full 3):
 PSYoungGen      total 7680K, used 1796K [0x00000000eab00000, 0x00000000eb500000, 0x0000000100000000)
  eden space 5632K, 0% used [0x00000000eab00000,0x00000000eab00000,0x00000000eb080000)
  from space 2048K, 87% used [0x00000000eb300000,0x00000000eb4c1010,0x00000000eb500000)
  to   space 2048K, 0% used [0x00000000eb100000,0x00000000eb100000,0x00000000eb300000)
 ParOldGen       total 691200K, used 690876K [0x00000000c0000000, 0x00000000ea300000, 0x00000000eab00000)
  object space 691200K, 99% used [0x00000000c0000000,0x00000000ea2af340,0x00000000ea300000)
 Metaspace       used 59861K, committed 61248K, reserved 1114112K
  class space    used 6217K, committed 6848K, reserved 1048576K
}
Event: 28.340 GC heap before
{Heap before GC invocations=1190 (full 3):
 PSYoungGen      total 7680K, used 7428K [0x00000000eab00000, 0x00000000eb500000, 0x0000000100000000)
  eden space 5632K, 100% used [0x00000000eab00000,0x00000000eb080000,0x00000000eb080000)
  from space 2048K, 87% used [0x00000000eb300000,0x00000000eb4c1010,0x00000000eb500000)
  to   space 2048K, 0% used [0x00000000eb100000,0x00000000eb100000,0x00000000eb300000)
 ParOldGen       total 691200K, used 690876K [0x00000000c0000000, 0x00000000ea300000, 0x00000000eab00000)
  object space 691200K, 99% used [0x00000000c0000000,0x00000000ea2af340,0x00000000ea300000)
 Metaspace       used 59861K, committed 61248K, reserved 1114112K
  class space    used 6217K, committed 6848K, reserved 1048576K
}
Event: 28.343 GC heap after
{Heap after GC invocations=1190 (full 3):
 PSYoungGen      total 7680K, used 2016K [0x00000000eab00000, 0x00000000eb980000, 0x0000000100000000)
  eden space 5632K, 0% used [0x00000000eab00000,0x00000000eab00000,0x00000000eb080000)
  from space 2048K, 98% used [0x00000000eb100000,0x00000000eb2f8008,0x00000000eb300000)
  to   space 4608K, 0% used [0x00000000eb500000,0x00000000eb500000,0x00000000eb980000)
 ParOldGen       total 693248K, used 692896K [0x00000000c0000000, 0x00000000ea500000, 0x00000000eab00000)
  object space 693248K, 99% used [0x00000000c0000000,0x00000000ea4a8188,0x00000000ea500000)
 Metaspace       used 59861K, committed 61248K, reserved 1114112K
  class space    used 6217K, committed 6848K, reserved 1048576K
}
Event: 28.365 GC heap before
{Heap before GC invocations=1191 (full 3):
 PSYoungGen      total 7680K, used 7648K [0x00000000eab00000, 0x00000000eb980000, 0x0000000100000000)
  eden space 5632K, 100% used [0x00000000eab00000,0x00000000eb080000,0x00000000eb080000)
  from space 2048K, 98% used [0x00000000eb100000,0x00000000eb2f8008,0x00000000eb300000)
  to   space 4608K, 0% used [0x00000000eb500000,0x00000000eb500000,0x00000000eb980000)
 ParOldGen       total 693248K, used 692896K [0x00000000c0000000, 0x00000000ea500000, 0x00000000eab00000)
  object space 693248K, 99% used [0x00000000c0000000,0x00000000ea4a8188,0x00000000ea500000)
 Metaspace       used 59861K, committed 61248K, reserved 1114112K
  class space    used 6217K, committed 6848K, reserved 1048576K
}
Event: 28.368 GC heap after
{Heap after GC invocations=1191 (full 3):
 PSYoungGen      total 7680K, used 1664K [0x00000000eab00000, 0x00000000eb700000, 0x0000000100000000)
  eden space 5632K, 0% used [0x00000000eab00000,0x00000000eab00000,0x00000000eb080000)
  from space 2048K, 81% used [0x00000000eb500000,0x00000000eb6a0000,0x00000000eb700000)
  to   space 2560K, 0% used [0x00000000eb200000,0x00000000eb200000,0x00000000eb480000)
 ParOldGen       total 695296K, used 694885K [0x00000000c0000000, 0x00000000ea700000, 0x00000000eab00000)
  object space 695296K, 99% used [0x00000000c0000000,0x00000000ea699538,0x00000000ea700000)
 Metaspace       used 59861K, committed 61248K, reserved 1114112K
  class space    used 6217K, committed 6848K, reserved 1048576K
}
Event: 28.393 GC heap before
{Heap before GC invocations=1192 (full 3):
 PSYoungGen      total 7680K, used 7248K [0x00000000eab00000, 0x00000000eb700000, 0x0000000100000000)
  eden space 5632K, 99% used [0x00000000eab00000,0x00000000eb0742f8,0x00000000eb080000)
  from space 2048K, 81% used [0x00000000eb500000,0x00000000eb6a0000,0x00000000eb700000)
  to   space 2560K, 0% used [0x00000000eb200000,0x00000000eb200000,0x00000000eb480000)
 ParOldGen       total 695296K, used 694885K [0x00000000c0000000, 0x00000000ea700000, 0x00000000eab00000)
  object space 695296K, 99% used [0x00000000c0000000,0x00000000ea699538,0x00000000ea700000)
 Metaspace       used 59898K, committed 61376K, reserved 1114112K
  class space    used 6223K, committed 6912K, reserved 1048576K
}
Event: 28.395 GC heap after
{Heap after GC invocations=1192 (full 3):
 PSYoungGen      total 7168K, used 1485K [0x00000000eab00000, 0x00000000eb580000, 0x0000000100000000)
  eden space 5632K, 0% used [0x00000000eab00000,0x00000000eab00000,0x00000000eb080000)
  from space 1536K, 96% used [0x00000000eb200000,0x00000000eb373638,0x00000000eb380000)
  to   space 2048K, 0% used [0x00000000eb380000,0x00000000eb380000,0x00000000eb580000)
 ParOldGen       total 696832K, used 696473K [0x00000000c0000000, 0x00000000ea880000, 0x00000000eab00000)
  object space 696832K, 99% used [0x00000000c0000000,0x00000000ea826728,0x00000000ea880000)
 Metaspace       used 59898K, committed 61376K, reserved 1114112K
  class space    used 6223K, committed 6912K, reserved 1048576K
}

