# JRE version: OpenJDK Runtime Environment Temurin-21.0.6+7 (21.0.6+7) (build 21.0.6+7-LTS)
# Java VM: OpenJDK 64-Bit Server VM Temurin-21.0.6+7 (21.0.6+7-LTS, mixed mode, sharing, tiered, compressed oops, compressed class ptrs, parallel gc, windows-amd64)
GC Precious Log:
 CardTable entry size: 512
 CPUs: 8 total, 8 available
 Memory: 16252M
 Large Page Support: Disabled
 NUMA Support: Disabled
 Compressed Oops: Enabled (32-bit)
 Alignments: Space 512K, Generation 512K, Heap 2M
 Heap Min Capacity: 100M
 Heap Initial Capacity: 100M
 Heap Max Capacity: 1G
 Pre-touch: Disabled
 Parallel Workers: 8
Heap:
 PSYoungGen      total 12800K, used 2680K [0x00000000eab00000, 0x00000000eb900000, 0x0000000100000000)
  eden space 11264K, 21% used [0x00000000eab00000,0x00000000ead5e090,0x00000000eb600000)
  from space 1536K, 16% used [0x00000000eb680000,0x00000000eb6c0000,0x00000000eb800000)
  to   space 512K, 0% used [0x00000000eb880000,0x00000000eb880000,0x00000000eb900000)
 ParOldGen       total 538624K, used 538267K [0x00000000c0000000, 0x00000000e0e00000, 0x00000000eab00000)
  object space 538624K, 99% used [0x00000000c0000000,0x00000000e0da6fb8,0x00000000e0e00000)
 Metaspace       used 66906K, committed 68416K, reserved 1114112K
  class space    used 6733K, committed 7360K, reserved 1048576K
GC Heap History (20 events):
Event: 25.154 GC heap before
{Heap before GC invocations=599 (full 3):
 PSYoungGen      total 13824K, used 13824K [0x00000000eab00000, 0x00000000ec700000, 0x0000000100000000)
  eden space 9216K, 100% used [0x00000000eab00000,0x00000000eb400000,0x00000000eb400000)
  from space 4608K, 100% used [0x00000000eb400000,0x00000000eb880000,0x00000000eb880000)
  to   space 9216K, 0% used [0x00000000ebe00000,0x00000000ebe00000,0x00000000ec700000)
 ParOldGen       total 516608K, used 516456K [0x00000000c0000000, 0x00000000df880000, 0x00000000eab00000)
  object space 516608K, 99% used [0x00000000c0000000,0x00000000df85a148,0x00000000df880000)
 Metaspace       used 63769K, committed 65280K, reserved 1114112K
  class space    used 6529K, committed 7168K, reserved 1048576K
}
Event: 25.160 GC heap after
{Heap after GC invocations=599 (full 3):
 PSYoungGen      total 17920K, used 6176K [0x00000000eab00000, 0x00000000ec480000, 0x0000000100000000)
  eden space 11264K, 0% used [0x00000000eab00000,0x00000000eab00000,0x00000000eb600000)
  from space 6656K, 92% used [0x00000000ebe00000,0x00000000ec408000,0x00000000ec480000)
  to   space 7168K, 0% used [0x00000000eb680000,0x00000000eb680000,0x00000000ebd80000)
 ParOldGen       total 521216K, used 521056K [0x00000000c0000000, 0x00000000dfd00000, 0x00000000eab00000)
  object space 521216K, 99% used [0x00000000c0000000,0x00000000dfcd8148,0x00000000dfd00000)
 Metaspace       used 63769K, committed 65280K, reserved 1114112K
  class space    used 6529K, committed 7168K, reserved 1048576K
}
Event: 25.385 GC heap before
{Heap before GC invocations=600 (full 3):
 PSYoungGen      total 17920K, used 17440K [0x00000000eab00000, 0x00000000ec480000, 0x0000000100000000)
  eden space 11264K, 100% used [0x00000000eab00000,0x00000000eb600000,0x00000000eb600000)
  from space 6656K, 92% used [0x00000000ebe00000,0x00000000ec408000,0x00000000ec480000)
  to   space 7168K, 0% used [0x00000000eb680000,0x00000000eb680000,0x00000000ebd80000)
 ParOldGen       total 521216K, used 521056K [0x00000000c0000000, 0x00000000dfd00000, 0x00000000eab00000)
  object space 521216K, 99% used [0x00000000c0000000,0x00000000dfcd8148,0x00000000dfd00000)
 Metaspace       used 63992K, committed 65472K, reserved 1114112K
  class space    used 6549K, committed 7168K, reserved 1048576K
}
Event: 25.396 GC heap after
{Heap after GC invocations=600 (full 3):
 PSYoungGen      total 16384K, used 5056K [0x00000000eab00000, 0x00000000ec100000, 0x0000000100000000)
  eden space 11264K, 0% used [0x00000000eab00000,0x00000000eab00000,0x00000000eb600000)
  from space 5120K, 98% used [0x00000000eb680000,0x00000000ebb70000,0x00000000ebb80000)
  to   space 5632K, 0% used [0x00000000ebb80000,0x00000000ebb80000,0x00000000ec100000)
 ParOldGen       total 527360K, used 527152K [0x00000000c0000000, 0x00000000e0300000, 0x00000000eab00000)
  object space 527360K, 99% used [0x00000000c0000000,0x00000000e02cc148,0x00000000e0300000)
 Metaspace       used 63992K, committed 65472K, reserved 1114112K
  class space    used 6549K, committed 7168K, reserved 1048576K
}
Event: 668.253 GC heap before
{Heap before GC invocations=601 (full 3):
 PSYoungGen      total 16384K, used 16320K [0x00000000eab00000, 0x00000000ec100000, 0x0000000100000000)
  eden space 11264K, 100% used [0x00000000eab00000,0x00000000eb600000,0x00000000eb600000)
  from space 5120K, 98% used [0x00000000eb680000,0x00000000ebb70000,0x00000000ebb80000)
  to   space 5632K, 0% used [0x00000000ebb80000,0x00000000ebb80000,0x00000000ec100000)
 ParOldGen       total 527360K, used 527152K [0x00000000c0000000, 0x00000000e0300000, 0x00000000eab00000)
  object space 527360K, 99% used [0x00000000c0000000,0x00000000e02cc148,0x00000000e0300000)
 Metaspace       used 64355K, committed 65856K, reserved 1114112K
  class space    used 6574K, committed 7232K, reserved 1048576K
}
Event: 668.258 GC heap after
{Heap after GC invocations=601 (full 3):
 PSYoungGen      total 11776K, used 416K [0x00000000eab00000, 0x00000000ebc00000, 0x0000000100000000)
  eden space 11264K, 0% used [0x00000000eab00000,0x00000000eab00000,0x00000000eb600000)
  from space 512K, 81% used [0x00000000ebb80000,0x00000000ebbe8000,0x00000000ebc00000)
  to   space 2560K, 0% used [0x00000000eb700000,0x00000000eb700000,0x00000000eb980000)
 ParOldGen       total 532480K, used 532000K [0x00000000c0000000, 0x00000000e0800000, 0x00000000eab00000)
  object space 532480K, 99% used [0x00000000c0000000,0x00000000e0788148,0x00000000e0800000)
 Metaspace       used 64355K, committed 65856K, reserved 1114112K
  class space    used 6574K, committed 7232K, reserved 1048576K
}
Event: 668.528 GC heap before
{Heap before GC invocations=602 (full 3):
 PSYoungGen      total 11776K, used 11577K [0x00000000eab00000, 0x00000000ebc00000, 0x0000000100000000)
  eden space 11264K, 99% used [0x00000000eab00000,0x00000000eb5e66c0,0x00000000eb600000)
  from space 512K, 81% used [0x00000000ebb80000,0x00000000ebbe8000,0x00000000ebc00000)
  to   space 2560K, 0% used [0x00000000eb700000,0x00000000eb700000,0x00000000eb980000)
 ParOldGen       total 532480K, used 532000K [0x00000000c0000000, 0x00000000e0800000, 0x00000000eab00000)
  object space 532480K, 99% used [0x00000000c0000000,0x00000000e0788148,0x00000000e0800000)
 Metaspace       used 64903K, committed 66432K, reserved 1114112K
  class space    used 6624K, committed 7296K, reserved 1048576K
}
Event: 668.532 GC heap after
{Heap after GC invocations=602 (full 3):
 PSYoungGen      total 13824K, used 1248K [0x00000000eab00000, 0x00000000ebc00000, 0x0000000100000000)
  eden space 11264K, 0% used [0x00000000eab00000,0x00000000eab00000,0x00000000eb600000)
  from space 2560K, 48% used [0x00000000eb700000,0x00000000eb8381b0,0x00000000eb980000)
  to   space 1536K, 0% used [0x00000000eba80000,0x00000000eba80000,0x00000000ebc00000)
 ParOldGen       total 532480K, used 532288K [0x00000000c0000000, 0x00000000e0800000, 0x00000000eab00000)
  object space 532480K, 99% used [0x00000000c0000000,0x00000000e07d0148,0x00000000e0800000)
 Metaspace       used 64903K, committed 66432K, reserved 1114112K
  class space    used 6624K, committed 7296K, reserved 1048576K
}
Event: 668.942 GC heap before
{Heap before GC invocations=603 (full 3):
 PSYoungGen      total 13824K, used 12512K [0x00000000eab00000, 0x00000000ebc00000, 0x0000000100000000)
  eden space 11264K, 100% used [0x00000000eab00000,0x00000000eb600000,0x00000000eb600000)
  from space 2560K, 48% used [0x00000000eb700000,0x00000000eb8381b0,0x00000000eb980000)
  to   space 1536K, 0% used [0x00000000eba80000,0x00000000eba80000,0x00000000ebc00000)
 ParOldGen       total 532480K, used 532288K [0x00000000c0000000, 0x00000000e0800000, 0x00000000eab00000)
  object space 532480K, 99% used [0x00000000c0000000,0x00000000e07d0148,0x00000000e0800000)
 Metaspace       used 65190K, committed 66688K, reserved 1114112K
  class space    used 6657K, committed 7296K, reserved 1048576K
}
Event: 668.945 GC heap after
{Heap after GC invocations=603 (full 3):
 PSYoungGen      total 12288K, used 863K [0x00000000eab00000, 0x00000000ebb80000, 0x0000000100000000)
  eden space 11264K, 0% used [0x00000000eab00000,0x00000000eab00000,0x00000000eb600000)
  from space 1024K, 84% used [0x00000000eba80000,0x00000000ebb57da0,0x00000000ebb80000)
  to   space 1024K, 0% used [0x00000000eb980000,0x00000000eb980000,0x00000000eba80000)
 ParOldGen       total 533504K, used 533367K [0x00000000c0000000, 0x00000000e0900000, 0x00000000eab00000)
  object space 533504K, 99% used [0x00000000c0000000,0x00000000e08ddd18,0x00000000e0900000)
 Metaspace       used 65190K, committed 66688K, reserved 1114112K
  class space    used 6657K, committed 7296K, reserved 1048576K
}
Event: 669.582 GC heap before
{Heap before GC invocations=604 (full 3):
 PSYoungGen      total 12288K, used 12127K [0x00000000eab00000, 0x00000000ebb80000, 0x0000000100000000)
  eden space 11264K, 100% used [0x00000000eab00000,0x00000000eb600000,0x00000000eb600000)
  from space 1024K, 84% used [0x00000000eba80000,0x00000000ebb57da0,0x00000000ebb80000)
  to   space 1024K, 0% used [0x00000000eb980000,0x00000000eb980000,0x00000000eba80000)
 ParOldGen       total 533504K, used 533367K [0x00000000c0000000, 0x00000000e0900000, 0x00000000eab00000)
  object space 533504K, 99% used [0x00000000c0000000,0x00000000e08ddd18,0x00000000e0900000)
 Metaspace       used 65486K, committed 67008K, reserved 1114112K
  class space    used 6676K, committed 7296K, reserved 1048576K
}
Event: 669.585 GC heap after
{Heap after GC invocations=604 (full 3):
 PSYoungGen      total 12288K, used 992K [0x00000000eab00000, 0x00000000ebb00000, 0x0000000100000000)
  eden space 11264K, 0% used [0x00000000eab00000,0x00000000eab00000,0x00000000eb600000)
  from space 1024K, 96% used [0x00000000eb980000,0x00000000eba78020,0x00000000eba80000)
  to   space 512K, 0% used [0x00000000eba80000,0x00000000eba80000,0x00000000ebb00000)
 ParOldGen       total 534528K, used 534149K [0x00000000c0000000, 0x00000000e0a00000, 0x00000000eab00000)
  object space 534528K, 99% used [0x00000000c0000000,0x00000000e09a1708,0x00000000e0a00000)
 Metaspace       used 65486K, committed 67008K, reserved 1114112K
  class space    used 6676K, committed 7296K, reserved 1048576K
}
Event: 669.938 GC heap before
{Heap before GC invocations=605 (full 3):
 PSYoungGen      total 12288K, used 12256K [0x00000000eab00000, 0x00000000ebb00000, 0x0000000100000000)
  eden space 11264K, 100% used [0x00000000eab00000,0x00000000eb600000,0x00000000eb600000)
  from space 1024K, 96% used [0x00000000eb980000,0x00000000eba78020,0x00000000eba80000)
  to   space 512K, 0% used [0x00000000eba80000,0x00000000eba80000,0x00000000ebb00000)
 ParOldGen       total 534528K, used 534149K [0x00000000c0000000, 0x00000000e0a00000, 0x00000000eab00000)
  object space 534528K, 99% used [0x00000000c0000000,0x00000000e09a1708,0x00000000e0a00000)
 Metaspace       used 65876K, committed 67392K, reserved 1114112K
  class space    used 6707K, committed 7360K, reserved 1048576K
}
Event: 669.942 GC heap after
{Heap after GC invocations=605 (full 3):
 PSYoungGen      total 11776K, used 512K [0x00000000eab00000, 0x00000000ebd00000, 0x0000000100000000)
  eden space 11264K, 0% used [0x00000000eab00000,0x00000000eab00000,0x00000000eb600000)
  from space 512K, 100% used [0x00000000eba80000,0x00000000ebb00000,0x00000000ebb00000)
  to   space 3584K, 0% used [0x00000000eb600000,0x00000000eb600000,0x00000000eb980000)
 ParOldGen       total 537088K, used 536634K [0x00000000c0000000, 0x00000000e0c80000, 0x00000000eab00000)
  object space 537088K, 99% used [0x00000000c0000000,0x00000000e0c0e940,0x00000000e0c80000)
 Metaspace       used 65876K, committed 67392K, reserved 1114112K
  class space    used 6707K, committed 7360K, reserved 1048576K
}
Event: 670.464 GC heap before
{Heap before GC invocations=606 (full 3):
 PSYoungGen      total 11776K, used 11775K [0x00000000eab00000, 0x00000000ebd00000, 0x0000000100000000)
  eden space 11264K, 99% used [0x00000000eab00000,0x00000000eb5ffff0,0x00000000eb600000)
  from space 512K, 100% used [0x00000000eba80000,0x00000000ebb00000,0x00000000ebb00000)
  to   space 3584K, 0% used [0x00000000eb600000,0x00000000eb600000,0x00000000eb980000)
 ParOldGen       total 537088K, used 536634K [0x00000000c0000000, 0x00000000e0c80000, 0x00000000eab00000)
  object space 537088K, 99% used [0x00000000c0000000,0x00000000e0c0e940,0x00000000e0c80000)
 Metaspace       used 66284K, committed 67776K, reserved 1114112K
  class space    used 6727K, committed 7360K, reserved 1048576K
}
Event: 670.467 GC heap after
{Heap after GC invocations=606 (full 3):
 PSYoungGen      total 12800K, used 1528K [0x00000000eab00000, 0x00000000ebb00000, 0x0000000100000000)
  eden space 11264K, 0% used [0x00000000eab00000,0x00000000eab00000,0x00000000eb600000)
  from space 1536K, 99% used [0x00000000eb600000,0x00000000eb77e068,0x00000000eb780000)
  to   space 2560K, 0% used [0x00000000eb880000,0x00000000eb880000,0x00000000ebb00000)
 ParOldGen       total 537600K, used 537159K [0x00000000c0000000, 0x00000000e0d00000, 0x00000000eab00000)
  object space 537600K, 99% used [0x00000000c0000000,0x00000000e0c91ee8,0x00000000e0d00000)
 Metaspace       used 66284K, committed 67776K, reserved 1114112K
  class space    used 6727K, committed 7360K, reserved 1048576K
}
Event: 670.872 GC heap before
{Heap before GC invocations=607 (full 3):
 PSYoungGen      total 12800K, used 12792K [0x00000000eab00000, 0x00000000ebb00000, 0x0000000100000000)
  eden space 11264K, 100% used [0x00000000eab00000,0x00000000eb600000,0x00000000eb600000)
  from space 1536K, 99% used [0x00000000eb600000,0x00000000eb77e068,0x00000000eb780000)
  to   space 2560K, 0% used [0x00000000eb880000,0x00000000eb880000,0x00000000ebb00000)
 ParOldGen       total 537600K, used 537159K [0x00000000c0000000, 0x00000000e0d00000, 0x00000000eab00000)
  object space 537600K, 99% used [0x00000000c0000000,0x00000000e0c91ee8,0x00000000e0d00000)
 Metaspace       used 66584K, committed 68096K, reserved 1114112K
  class space    used 6732K, committed 7360K, reserved 1048576K
}
Event: 670.876 GC heap after
{Heap after GC invocations=607 (full 3):
 PSYoungGen      total 12288K, used 673K [0x00000000eab00000, 0x00000000eb980000, 0x0000000100000000)
  eden space 11264K, 0% used [0x00000000eab00000,0x00000000eab00000,0x00000000eb600000)
  from space 1024K, 65% used [0x00000000eb880000,0x00000000eb9284e8,0x00000000eb980000)
  to   space 1536K, 0% used [0x00000000eb680000,0x00000000eb680000,0x00000000eb800000)
 ParOldGen       total 538624K, used 538132K [0x00000000c0000000, 0x00000000e0e00000, 0x00000000eab00000)
  object space 538624K, 99% used [0x00000000c0000000,0x00000000e0d85350,0x00000000e0e00000)
 Metaspace       used 66584K, committed 68096K, reserved 1114112K
  class space    used 6732K, committed 7360K, reserved 1048576K
}
Event: 1405.111 GC heap before
{Heap before GC invocations=608 (full 3):
 PSYoungGen      total 12288K, used 11937K [0x00000000eab00000, 0x00000000eb980000, 0x0000000100000000)
  eden space 11264K, 100% used [0x00000000eab00000,0x00000000eb600000,0x00000000eb600000)
  from space 1024K, 65% used [0x00000000eb880000,0x00000000eb9284e8,0x00000000eb980000)
  to   space 1536K, 0% used [0x00000000eb680000,0x00000000eb680000,0x00000000eb800000)
 ParOldGen       total 538624K, used 538132K [0x00000000c0000000, 0x00000000e0e00000, 0x00000000eab00000)
  object space 538624K, 99% used [0x00000000c0000000,0x00000000e0d85350,0x00000000e0e00000)
 Metaspace       used 66881K, committed 68416K, reserved 1114112K
  class space    used 6733K, committed 7360K, reserved 1048576K
}
Event: 1405.113 GC heap after
{Heap after GC invocations=608 (full 3):
 PSYoungGen      total 12800K, used 256K [0x00000000eab00000, 0x00000000eb900000, 0x0000000100000000)
  eden space 11264K, 0% used [0x00000000eab00000,0x00000000eab00000,0x00000000eb600000)
  from space 1536K, 16% used [0x00000000eb680000,0x00000000eb6c0000,0x00000000eb800000)
  to   space 512K, 0% used [0x00000000eb880000,0x00000000eb880000,0x00000000eb900000)
 ParOldGen       total 538624K, used 538267K [0x00000000c0000000, 0x00000000e0e00000, 0x00000000eab00000)
  object space 538624K, 99% used [0x00000000c0000000,0x00000000e0da6fb8,0x00000000e0e00000)
 Metaspace       used 66881K, committed 68416K, reserved 1114112K
  class space    used 6733K, committed 7360K, reserved 1048576K
}

