# JRE version: Java(TM) SE Runtime Environment (17.0.1+12) (build 17.0.1+12-LTS-39)
# Java VM: Java HotSpot(TM) 64-Bit Server VM (17.0.1+12-LTS-39, mixed mode, sharing, tiered, compressed oops, compressed class ptrs, g1 gc, windows-amd64)
GC Precious Log:
 CPUs: 8 total, 8 available
 Memory: 16252M
 Large Page Support: Disabled
 NUMA Support: Disabled
 Compressed Oops: Enabled (Zero based)
 Heap Region Size: 2M
 Heap Min Capacity: 8M
 Heap Initial Capacity: 254M
 Heap Max Capacity: 4064M
 Pre-touch: Disabled
 Parallel Workers: 8
 Concurrent Workers: 2
 Concurrent Refinement Workers: 8
 Periodic GC: Disabled
Heap:
 garbage-first heap   total 96256K, used 42120K [0x0000000702000000, 0x0000000800000000)
  region size 2048K, 9 young (18432K), 0 survivors (0K)
 Metaspace       used 79747K, committed 80896K, reserved 1122304K
  class space    used 10161K, committed 10624K, reserved 1048576K
GC Heap History (20 events):
Event: 2622.719 GC heap before
{Heap before GC invocations=49 (full 5):
 garbage-first heap   total 110592K, used 88499K [0x0000000702000000, 0x0000000800000000)
  region size 2048K, 28 young (57344K), 2 survivors (4096K)
 Metaspace       used 78519K, committed 79296K, reserved 1122304K
  class space    used 10146K, committed 10496K, reserved 1048576K
}
Event: 2622.721 GC heap after
{Heap after GC invocations=50 (full 5):
 garbage-first heap   total 110592K, used 35715K [0x0000000702000000, 0x0000000800000000)
  region size 2048K, 2 young (4096K), 2 survivors (4096K)
 Metaspace       used 78519K, committed 79296K, reserved 1122304K
  class space    used 10146K, committed 10496K, reserved 1048576K
}
Event: 3277.686 GC heap before
{Heap before GC invocations=50 (full 5):
 garbage-first heap   total 110592K, used 88963K [0x0000000702000000, 0x0000000800000000)
  region size 2048K, 28 young (57344K), 2 survivors (4096K)
 Metaspace       used 78528K, committed 79296K, reserved 1122304K
  class space    used 10146K, committed 10496K, reserved 1048576K
}
Event: 3277.688 GC heap after
{Heap after GC invocations=51 (full 5):
 garbage-first heap   total 110592K, used 35354K [0x0000000702000000, 0x0000000800000000)
  region size 2048K, 2 young (4096K), 2 survivors (4096K)
 Metaspace       used 78528K, committed 79296K, reserved 1122304K
  class space    used 10146K, committed 10496K, reserved 1048576K
}
Event: 3974.424 GC heap before
{Heap before GC invocations=51 (full 5):
 garbage-first heap   total 110592K, used 88602K [0x0000000702000000, 0x0000000800000000)
  region size 2048K, 28 young (57344K), 2 survivors (4096K)
 Metaspace       used 78536K, committed 79296K, reserved 1122304K
  class space    used 10146K, committed 10496K, reserved 1048576K
}
Event: 3974.426 GC heap after
{Heap after GC invocations=52 (full 5):
 garbage-first heap   total 110592K, used 35272K [0x0000000702000000, 0x0000000800000000)
  region size 2048K, 2 young (4096K), 2 survivors (4096K)
 Metaspace       used 78536K, committed 79296K, reserved 1122304K
  class space    used 10146K, committed 10496K, reserved 1048576K
}
Event: 4460.227 GC heap before
{Heap before GC invocations=52 (full 5):
 garbage-first heap   total 110592K, used 88520K [0x0000000702000000, 0x0000000800000000)
  region size 2048K, 28 young (57344K), 2 survivors (4096K)
 Metaspace       used 78545K, committed 79296K, reserved 1122304K
  class space    used 10146K, committed 10496K, reserved 1048576K
}
Event: 4460.229 GC heap after
{Heap after GC invocations=53 (full 5):
 garbage-first heap   total 110592K, used 35576K [0x0000000702000000, 0x0000000800000000)
  region size 2048K, 2 young (4096K), 2 survivors (4096K)
 Metaspace       used 78545K, committed 79296K, reserved 1122304K
  class space    used 10146K, committed 10496K, reserved 1048576K
}
Event: 5158.549 GC heap before
{Heap before GC invocations=53 (full 5):
 garbage-first heap   total 110592K, used 88824K [0x0000000702000000, 0x0000000800000000)
  region size 2048K, 28 young (57344K), 2 survivors (4096K)
 Metaspace       used 78549K, committed 79360K, reserved 1122304K
  class space    used 10146K, committed 10496K, reserved 1048576K
}
Event: 5158.552 GC heap after
{Heap after GC invocations=54 (full 5):
 garbage-first heap   total 110592K, used 35507K [0x0000000702000000, 0x0000000800000000)
  region size 2048K, 2 young (4096K), 2 survivors (4096K)
 Metaspace       used 78549K, committed 79360K, reserved 1122304K
  class space    used 10146K, committed 10496K, reserved 1048576K
}
Event: 5707.711 GC heap before
{Heap before GC invocations=54 (full 5):
 garbage-first heap   total 110592K, used 88755K [0x0000000702000000, 0x0000000800000000)
  region size 2048K, 28 young (57344K), 2 survivors (4096K)
 Metaspace       used 78943K, committed 79680K, reserved 1122304K
  class space    used 10152K, committed 10496K, reserved 1048576K
}
Event: 5707.714 GC heap after
{Heap after GC invocations=55 (full 5):
 garbage-first heap   total 110592K, used 36601K [0x0000000702000000, 0x0000000800000000)
  region size 2048K, 3 young (6144K), 3 survivors (6144K)
 Metaspace       used 78943K, committed 79680K, reserved 1122304K
  class space    used 10152K, committed 10496K, reserved 1048576K
}
Event: 6143.435 GC heap before
{Heap before GC invocations=55 (full 5):
 garbage-first heap   total 110592K, used 85753K [0x0000000702000000, 0x0000000800000000)
  region size 2048K, 27 young (55296K), 3 survivors (6144K)
 Metaspace       used 79189K, committed 80000K, reserved 1122304K
  class space    used 10154K, committed 10496K, reserved 1048576K
}
Event: 6143.438 GC heap after
{Heap after GC invocations=56 (full 5):
 garbage-first heap   total 110592K, used 36823K [0x0000000702000000, 0x0000000800000000)
  region size 2048K, 3 young (6144K), 3 survivors (6144K)
 Metaspace       used 79189K, committed 80000K, reserved 1122304K
  class space    used 10154K, committed 10496K, reserved 1048576K
}
Event: 6574.165 GC heap before
{Heap before GC invocations=56 (full 5):
 garbage-first heap   total 110592K, used 85975K [0x0000000702000000, 0x0000000800000000)
  region size 2048K, 27 young (55296K), 3 survivors (6144K)
 Metaspace       used 79734K, committed 80448K, reserved 1122304K
  class space    used 10217K, committed 10560K, reserved 1048576K
}
Event: 6574.168 GC heap after
{Heap after GC invocations=57 (full 5):
 garbage-first heap   total 110592K, used 37205K [0x0000000702000000, 0x0000000800000000)
  region size 2048K, 2 young (4096K), 2 survivors (4096K)
 Metaspace       used 79734K, committed 80448K, reserved 1122304K
  class space    used 10217K, committed 10560K, reserved 1048576K
}
Event: 7225.352 GC heap before
{Heap before GC invocations=57 (full 5):
 garbage-first heap   total 110592K, used 90453K [0x0000000702000000, 0x0000000800000000)
  region size 2048K, 28 young (57344K), 2 survivors (4096K)
 Metaspace       used 80062K, committed 80768K, reserved 1122304K
  class space    used 10239K, committed 10560K, reserved 1048576K
}
Event: 7225.355 GC heap after
{Heap after GC invocations=58 (full 5):
 garbage-first heap   total 110592K, used 37299K [0x0000000702000000, 0x0000000800000000)
  region size 2048K, 2 young (4096K), 2 survivors (4096K)
 Metaspace       used 80062K, committed 80768K, reserved 1122304K
  class space    used 10239K, committed 10560K, reserved 1048576K
}
Event: 7599.129 GC heap before
{Heap before GC invocations=58 (full 5):
 garbage-first heap   total 110592K, used 65971K [0x0000000702000000, 0x0000000800000000)
  region size 2048K, 17 young (34816K), 2 survivors (4096K)
 Metaspace       used 80076K, committed 80832K, reserved 1122304K
  class space    used 10240K, committed 10624K, reserved 1048576K
}
Event: 7599.263 GC heap after
{Heap after GC invocations=59 (full 6):
 garbage-first heap   total 96256K, used 25736K [0x0000000702000000, 0x0000000800000000)
  region size 2048K, 0 young (0K), 0 survivors (0K)
 Metaspace       used 79693K, committed 80832K, reserved 1122304K
  class space    used 10158K, committed 10624K, reserved 1048576K
}

