# JRE version: OpenJDK Runtime Environment Temurin-21.0.6+7 (21.0.6+7) (build 21.0.6+7-LTS)
# Java VM: OpenJDK 64-Bit Server VM Temurin-21.0.6+7 (21.0.6+7-LTS, mixed mode, sharing, tiered, compressed oops, compressed class ptrs, parallel gc, windows-amd64)
GC Precious Log:
 CardTable entry size: 512
 CPUs: 8 total, 8 available
 Memory: 16252M
 Large Page Support: Disabled
 NUMA Support: Disabled
 Compressed Oops: Enabled (32-bit)
 Alignments: Space 512K, Generation 512K, Heap 2M
 Heap Min Capacity: 100M
 Heap Initial Capacity: 100M
 Heap Max Capacity: 1G
 Pre-touch: Disabled
 Parallel Workers: 8
Heap:
 PSYoungGen      total 14848K, used 12655K [0x00000000eab00000, 0x00000000ebc00000, 0x0000000100000000)
  eden space 10752K, 100% used [0x00000000eab00000,0x00000000eb580000,0x00000000eb580000)
  from space 4096K, 46% used [0x00000000eb580000,0x00000000eb75bfa0,0x00000000eb980000)
  to   space 2560K, 75% used [0x00000000eb980000,0x00000000ebb60bf8,0x00000000ebc00000)
 ParOldGen       total 314368K, used 314365K [0x00000000c0000000, 0x00000000d3300000, 0x00000000eab00000)
  object space 314368K, 99% used [0x00000000c0000000,0x00000000d32ff5f0,0x00000000d3300000)
 Metaspace       used 63922K, committed 65408K, reserved 1114112K
  class space    used 6593K, committed 7232K, reserved 1048576K
GC Heap History (20 events):
Event: 13.082 GC heap before
{Heap before GC invocations=377 (full 3):
 PSYoungGen      total 4096K, used 4057K [0x00000000eab00000, 0x00000000eb200000, 0x0000000100000000)
  eden space 3072K, 99% used [0x00000000eab00000,0x00000000eadfaa50,0x00000000eae00000)
  from space 1024K, 98% used [0x00000000eae00000,0x00000000eaefbcb0,0x00000000eaf00000)
  to   space 1536K, 0% used [0x00000000eb080000,0x00000000eb080000,0x00000000eb200000)
 ParOldGen       total 295424K, used 295346K [0x00000000c0000000, 0x00000000d2080000, 0x00000000eab00000)
  object space 295424K, 99% used [0x00000000c0000000,0x00000000d206cbf0,0x00000000d2080000)
 Metaspace       used 63899K, committed 65408K, reserved 1114112K
  class space    used 6592K, committed 7232K, reserved 1048576K
}
Event: 13.083 GC heap after
{Heap after GC invocations=377 (full 3):
 PSYoungGen      total 5632K, used 1137K [0x00000000eab00000, 0x00000000eb200000, 0x0000000100000000)
  eden space 4096K, 0% used [0x00000000eab00000,0x00000000eab00000,0x00000000eaf00000)
  from space 1536K, 74% used [0x00000000eb080000,0x00000000eb19c5d0,0x00000000eb200000)
  to   space 1536K, 0% used [0x00000000eaf00000,0x00000000eaf00000,0x00000000eb080000)
 ParOldGen       total 296448K, used 296169K [0x00000000c0000000, 0x00000000d2180000, 0x00000000eab00000)
  object space 296448K, 99% used [0x00000000c0000000,0x00000000d213a6c8,0x00000000d2180000)
 Metaspace       used 63899K, committed 65408K, reserved 1114112K
  class space    used 6592K, committed 7232K, reserved 1048576K
}
Event: 13.088 GC heap before
{Heap before GC invocations=378 (full 3):
 PSYoungGen      total 5632K, used 5224K [0x00000000eab00000, 0x00000000eb200000, 0x0000000100000000)
  eden space 4096K, 99% used [0x00000000eab00000,0x00000000eaefdc50,0x00000000eaf00000)
  from space 1536K, 74% used [0x00000000eb080000,0x00000000eb19c5d0,0x00000000eb200000)
  to   space 1536K, 0% used [0x00000000eaf00000,0x00000000eaf00000,0x00000000eb080000)
 ParOldGen       total 296448K, used 296169K [0x00000000c0000000, 0x00000000d2180000, 0x00000000eab00000)
  object space 296448K, 99% used [0x00000000c0000000,0x00000000d213a6c8,0x00000000d2180000)
 Metaspace       used 63899K, committed 65408K, reserved 1114112K
  class space    used 6592K, committed 7232K, reserved 1048576K
}
Event: 13.089 GC heap after
{Heap after GC invocations=378 (full 3):
 PSYoungGen      total 5632K, used 1470K [0x00000000eab00000, 0x00000000eb300000, 0x0000000100000000)
  eden space 4096K, 0% used [0x00000000eab00000,0x00000000eab00000,0x00000000eaf00000)
  from space 1536K, 95% used [0x00000000eaf00000,0x00000000eb06f920,0x00000000eb080000)
  to   space 1536K, 0% used [0x00000000eb180000,0x00000000eb180000,0x00000000eb300000)
 ParOldGen       total 297472K, used 297195K [0x00000000c0000000, 0x00000000d2280000, 0x00000000eab00000)
  object space 297472K, 99% used [0x00000000c0000000,0x00000000d223af18,0x00000000d2280000)
 Metaspace       used 63899K, committed 65408K, reserved 1114112K
  class space    used 6592K, committed 7232K, reserved 1048576K
}
Event: 13.096 GC heap before
{Heap before GC invocations=379 (full 3):
 PSYoungGen      total 5632K, used 5566K [0x00000000eab00000, 0x00000000eb300000, 0x0000000100000000)
  eden space 4096K, 100% used [0x00000000eab00000,0x00000000eaf00000,0x00000000eaf00000)
  from space 1536K, 95% used [0x00000000eaf00000,0x00000000eb06f920,0x00000000eb080000)
  to   space 1536K, 0% used [0x00000000eb180000,0x00000000eb180000,0x00000000eb300000)
 ParOldGen       total 297472K, used 297195K [0x00000000c0000000, 0x00000000d2280000, 0x00000000eab00000)
  object space 297472K, 99% used [0x00000000c0000000,0x00000000d223af18,0x00000000d2280000)
 Metaspace       used 63900K, committed 65408K, reserved 1114112K
  class space    used 6592K, committed 7232K, reserved 1048576K
}
Event: 13.098 GC heap after
{Heap after GC invocations=379 (full 3):
 PSYoungGen      total 6656K, used 1335K [0x00000000eab00000, 0x00000000eb300000, 0x0000000100000000)
  eden space 5120K, 0% used [0x00000000eab00000,0x00000000eab00000,0x00000000eb000000)
  from space 1536K, 86% used [0x00000000eb180000,0x00000000eb2cde80,0x00000000eb300000)
  to   space 1536K, 0% used [0x00000000eb000000,0x00000000eb000000,0x00000000eb180000)
 ParOldGen       total 298496K, used 298471K [0x00000000c0000000, 0x00000000d2380000, 0x00000000eab00000)
  object space 298496K, 99% used [0x00000000c0000000,0x00000000d2379c08,0x00000000d2380000)
 Metaspace       used 63900K, committed 65408K, reserved 1114112K
  class space    used 6592K, committed 7232K, reserved 1048576K
}
Event: 13.102 GC heap before
{Heap before GC invocations=380 (full 3):
 PSYoungGen      total 6656K, used 6419K [0x00000000eab00000, 0x00000000eb300000, 0x0000000100000000)
  eden space 5120K, 99% used [0x00000000eab00000,0x00000000eaff6f80,0x00000000eb000000)
  from space 1536K, 86% used [0x00000000eb180000,0x00000000eb2cde80,0x00000000eb300000)
  to   space 1536K, 0% used [0x00000000eb000000,0x00000000eb000000,0x00000000eb180000)
 ParOldGen       total 298496K, used 298471K [0x00000000c0000000, 0x00000000d2380000, 0x00000000eab00000)
  object space 298496K, 99% used [0x00000000c0000000,0x00000000d2379c08,0x00000000d2380000)
 Metaspace       used 63901K, committed 65408K, reserved 1114112K
  class space    used 6592K, committed 7232K, reserved 1048576K
}
Event: 13.104 GC heap after
{Heap after GC invocations=380 (full 3):
 PSYoungGen      total 6656K, used 1510K [0x00000000eab00000, 0x00000000eb800000, 0x0000000100000000)
  eden space 5120K, 0% used [0x00000000eab00000,0x00000000eab00000,0x00000000eb000000)
  from space 1536K, 98% used [0x00000000eb000000,0x00000000eb179840,0x00000000eb180000)
  to   space 3584K, 0% used [0x00000000eb480000,0x00000000eb480000,0x00000000eb800000)
 ParOldGen       total 300032K, used 299911K [0x00000000c0000000, 0x00000000d2500000, 0x00000000eab00000)
  object space 300032K, 99% used [0x00000000c0000000,0x00000000d24e1c60,0x00000000d2500000)
 Metaspace       used 63901K, committed 65408K, reserved 1114112K
  class space    used 6592K, committed 7232K, reserved 1048576K
}
Event: 13.108 GC heap before
{Heap before GC invocations=381 (full 3):
 PSYoungGen      total 6656K, used 6345K [0x00000000eab00000, 0x00000000eb800000, 0x0000000100000000)
  eden space 5120K, 94% used [0x00000000eab00000,0x00000000eafb8bf8,0x00000000eb000000)
  from space 1536K, 98% used [0x00000000eb000000,0x00000000eb179840,0x00000000eb180000)
  to   space 3584K, 0% used [0x00000000eb480000,0x00000000eb480000,0x00000000eb800000)
 ParOldGen       total 300032K, used 299911K [0x00000000c0000000, 0x00000000d2500000, 0x00000000eab00000)
  object space 300032K, 99% used [0x00000000c0000000,0x00000000d24e1c60,0x00000000d2500000)
 Metaspace       used 63902K, committed 65408K, reserved 1114112K
  class space    used 6592K, committed 7232K, reserved 1048576K
}
Event: 13.111 GC heap after
{Heap after GC invocations=381 (full 3):
 PSYoungGen      total 8192K, used 1748K [0x00000000eab00000, 0x00000000eb680000, 0x0000000100000000)
  eden space 6144K, 0% used [0x00000000eab00000,0x00000000eab00000,0x00000000eb100000)
  from space 2048K, 85% used [0x00000000eb480000,0x00000000eb6351f0,0x00000000eb680000)
  to   space 2560K, 0% used [0x00000000eb180000,0x00000000eb180000,0x00000000eb400000)
 ParOldGen       total 301568K, used 301274K [0x00000000c0000000, 0x00000000d2680000, 0x00000000eab00000)
  object space 301568K, 99% used [0x00000000c0000000,0x00000000d2636af8,0x00000000d2680000)
 Metaspace       used 63902K, committed 65408K, reserved 1114112K
  class space    used 6592K, committed 7232K, reserved 1048576K
}
Event: 13.115 GC heap before
{Heap before GC invocations=382 (full 3):
 PSYoungGen      total 8192K, used 7869K [0x00000000eab00000, 0x00000000eb680000, 0x0000000100000000)
  eden space 6144K, 99% used [0x00000000eab00000,0x00000000eb0fa498,0x00000000eb100000)
  from space 2048K, 85% used [0x00000000eb480000,0x00000000eb6351f0,0x00000000eb680000)
  to   space 2560K, 0% used [0x00000000eb180000,0x00000000eb180000,0x00000000eb400000)
 ParOldGen       total 301568K, used 301274K [0x00000000c0000000, 0x00000000d2680000, 0x00000000eab00000)
  object space 301568K, 99% used [0x00000000c0000000,0x00000000d2636af8,0x00000000d2680000)
 Metaspace       used 63909K, committed 65408K, reserved 1114112K
  class space    used 6592K, committed 7232K, reserved 1048576K
}
Event: 13.118 GC heap after
{Heap after GC invocations=382 (full 3):
 PSYoungGen      total 9216K, used 2514K [0x00000000eab00000, 0x00000000eb880000, 0x0000000100000000)
  eden space 6656K, 0% used [0x00000000eab00000,0x00000000eab00000,0x00000000eb180000)
  from space 2560K, 98% used [0x00000000eb180000,0x00000000eb3f4b40,0x00000000eb400000)
  to   space 3072K, 0% used [0x00000000eb580000,0x00000000eb580000,0x00000000eb880000)
 ParOldGen       total 303616K, used 303239K [0x00000000c0000000, 0x00000000d2880000, 0x00000000eab00000)
  object space 303616K, 99% used [0x00000000c0000000,0x00000000d2821eb8,0x00000000d2880000)
 Metaspace       used 63909K, committed 65408K, reserved 1114112K
  class space    used 6592K, committed 7232K, reserved 1048576K
}
Event: 13.127 GC heap before
{Heap before GC invocations=383 (full 3):
 PSYoungGen      total 9216K, used 9126K [0x00000000eab00000, 0x00000000eb880000, 0x0000000100000000)
  eden space 6656K, 99% used [0x00000000eab00000,0x00000000eb175038,0x00000000eb180000)
  from space 2560K, 98% used [0x00000000eb180000,0x00000000eb3f4b40,0x00000000eb400000)
  to   space 3072K, 0% used [0x00000000eb580000,0x00000000eb580000,0x00000000eb880000)
 ParOldGen       total 303616K, used 303239K [0x00000000c0000000, 0x00000000d2880000, 0x00000000eab00000)
  object space 303616K, 99% used [0x00000000c0000000,0x00000000d2821eb8,0x00000000d2880000)
 Metaspace       used 63910K, committed 65408K, reserved 1114112K
  class space    used 6592K, committed 7232K, reserved 1048576K
}
Event: 13.130 GC heap after
{Heap after GC invocations=383 (full 3):
 PSYoungGen      total 10752K, used 2021K [0x00000000eab00000, 0x00000000eb800000, 0x0000000100000000)
  eden space 8192K, 0% used [0x00000000eab00000,0x00000000eab00000,0x00000000eb300000)
  from space 2560K, 78% used [0x00000000eb580000,0x00000000eb779618,0x00000000eb800000)
  to   space 2560K, 0% used [0x00000000eb300000,0x00000000eb300000,0x00000000eb580000)
 ParOldGen       total 306176K, used 305598K [0x00000000c0000000, 0x00000000d2b00000, 0x00000000eab00000)
  object space 306176K, 99% used [0x00000000c0000000,0x00000000d2a6fba8,0x00000000d2b00000)
 Metaspace       used 63910K, committed 65408K, reserved 1114112K
  class space    used 6592K, committed 7232K, reserved 1048576K
}
Event: 13.137 GC heap before
{Heap before GC invocations=384 (full 3):
 PSYoungGen      total 10752K, used 10134K [0x00000000eab00000, 0x00000000eb800000, 0x0000000100000000)
  eden space 8192K, 99% used [0x00000000eab00000,0x00000000eb2ec3d8,0x00000000eb300000)
  from space 2560K, 78% used [0x00000000eb580000,0x00000000eb779618,0x00000000eb800000)
  to   space 2560K, 0% used [0x00000000eb300000,0x00000000eb300000,0x00000000eb580000)
 ParOldGen       total 306176K, used 305598K [0x00000000c0000000, 0x00000000d2b00000, 0x00000000eab00000)
  object space 306176K, 99% used [0x00000000c0000000,0x00000000d2a6fba8,0x00000000d2b00000)
 Metaspace       used 63910K, committed 65408K, reserved 1114112K
  class space    used 6592K, committed 7232K, reserved 1048576K
}
Event: 13.140 GC heap after
{Heap after GC invocations=384 (full 3):
 PSYoungGen      total 10752K, used 2553K [0x00000000eab00000, 0x00000000ec000000, 0x0000000100000000)
  eden space 8192K, 0% used [0x00000000eab00000,0x00000000eab00000,0x00000000eb300000)
  from space 2560K, 99% used [0x00000000eb300000,0x00000000eb57e720,0x00000000eb580000)
  to   space 5632K, 0% used [0x00000000eba80000,0x00000000eba80000,0x00000000ec000000)
 ParOldGen       total 308224K, used 307906K [0x00000000c0000000, 0x00000000d2d00000, 0x00000000eab00000)
  object space 308224K, 99% used [0x00000000c0000000,0x00000000d2cb09b8,0x00000000d2d00000)
 Metaspace       used 63910K, committed 65408K, reserved 1114112K
  class space    used 6592K, committed 7232K, reserved 1048576K
}
Event: 13.146 GC heap before
{Heap before GC invocations=385 (full 3):
 PSYoungGen      total 10752K, used 10745K [0x00000000eab00000, 0x00000000ec000000, 0x0000000100000000)
  eden space 8192K, 100% used [0x00000000eab00000,0x00000000eb300000,0x00000000eb300000)
  from space 2560K, 99% used [0x00000000eb300000,0x00000000eb57e720,0x00000000eb580000)
  to   space 5632K, 0% used [0x00000000eba80000,0x00000000eba80000,0x00000000ec000000)
 ParOldGen       total 308224K, used 307906K [0x00000000c0000000, 0x00000000d2d00000, 0x00000000eab00000)
  object space 308224K, 99% used [0x00000000c0000000,0x00000000d2cb09b8,0x00000000d2d00000)
 Metaspace       used 63910K, committed 65408K, reserved 1114112K
  class space    used 6592K, committed 7232K, reserved 1048576K
}
Event: 13.150 GC heap after
{Heap after GC invocations=385 (full 3):
 PSYoungGen      total 13312K, used 2976K [0x00000000eab00000, 0x00000000ebd80000, 0x0000000100000000)
  eden space 10240K, 0% used [0x00000000eab00000,0x00000000eab00000,0x00000000eb500000)
  from space 3072K, 96% used [0x00000000eba80000,0x00000000ebd68178,0x00000000ebd80000)
  to   space 4096K, 0% used [0x00000000eb580000,0x00000000eb580000,0x00000000eb980000)
 ParOldGen       total 310784K, used 310337K [0x00000000c0000000, 0x00000000d2f80000, 0x00000000eab00000)
  object space 310784K, 99% used [0x00000000c0000000,0x00000000d2f10660,0x00000000d2f80000)
 Metaspace       used 63910K, committed 65408K, reserved 1114112K
  class space    used 6592K, committed 7232K, reserved 1048576K
}
Event: 13.164 GC heap before
{Heap before GC invocations=386 (full 3):
 PSYoungGen      total 13312K, used 13216K [0x00000000eab00000, 0x00000000ebd80000, 0x0000000100000000)
  eden space 10240K, 100% used [0x00000000eab00000,0x00000000eb500000,0x00000000eb500000)
  from space 3072K, 96% used [0x00000000eba80000,0x00000000ebd68178,0x00000000ebd80000)
  to   space 4096K, 0% used [0x00000000eb580000,0x00000000eb580000,0x00000000eb980000)
 ParOldGen       total 310784K, used 310337K [0x00000000c0000000, 0x00000000d2f80000, 0x00000000eab00000)
  object space 310784K, 99% used [0x00000000c0000000,0x00000000d2f10660,0x00000000d2f80000)
 Metaspace       used 63913K, committed 65408K, reserved 1114112K
  class space    used 6592K, committed 7232K, reserved 1048576K
}
Event: 13.168 GC heap after
{Heap after GC invocations=386 (full 3):
 PSYoungGen      total 14848K, used 1903K [0x00000000eab00000, 0x00000000ebc00000, 0x0000000100000000)
  eden space 10752K, 0% used [0x00000000eab00000,0x00000000eab00000,0x00000000eb580000)
  from space 4096K, 46% used [0x00000000eb580000,0x00000000eb75bfa0,0x00000000eb980000)
  to   space 2560K, 0% used [0x00000000eb980000,0x00000000eb980000,0x00000000ebc00000)
 ParOldGen       total 313344K, used 313201K [0x00000000c0000000, 0x00000000d3200000, 0x00000000eab00000)
  object space 313344K, 99% used [0x00000000c0000000,0x00000000d31dc480,0x00000000d3200000)
 Metaspace       used 63913K, committed 65408K, reserved 1114112K
  class space    used 6592K, committed 7232K, reserved 1048576K
}

