# JRE version: OpenJDK Runtime Environment Temurin-21.0.6+7 (21.0.6+7) (build 21.0.6+7-LTS)
# Java VM: OpenJDK 64-Bit Server VM Temurin-21.0.6+7 (21.0.6+7-LTS, mixed mode, sharing, tiered, compressed oops, compressed class ptrs, parallel gc, windows-amd64)
GC Precious Log:
 CardTable entry size: 512
 CPUs: 8 total, 8 available
 Memory: 16252M
 Large Page Support: Disabled
 NUMA Support: Disabled
 Compressed Oops: Enabled (32-bit)
 Alignments: Space 512K, Generation 512K, Heap 2M
 Heap Min Capacity: 100M
 Heap Initial Capacity: 100M
 Heap Max Capacity: 1G
 Pre-touch: Disabled
 Parallel Workers: 8
Heap:
 PSYoungGen      total 17408K, used 12900K [0x00000000eab00000, 0x00000000ebe00000, 0x0000000100000000)
  eden space 16384K, 72% used [0x00000000eab00000,0x00000000eb6a9d48,0x00000000ebb00000)
  from space 1024K, 93% used [0x00000000ebc00000,0x00000000ebcef368,0x00000000ebd00000)
  to   space 1024K, 0% used [0x00000000ebd00000,0x00000000ebd00000,0x00000000ebe00000)
 ParOldGen       total 68608K, used 46743K [0x00000000c0000000, 0x00000000c4300000, 0x00000000eab00000)
  object space 68608K, 68% used [0x00000000c0000000,0x00000000c2da5de8,0x00000000c4300000)
 Metaspace       used 52820K, committed 54080K, reserved 1114112K
  class space    used 5566K, committed 6080K, reserved 1048576K
GC Heap History (20 events):
Event: 11.462 GC heap before
{Heap before GC invocations=23 (full 2):
 PSYoungGen      total 17920K, used 17848K [0x00000000eab00000, 0x00000000ec200000, 0x0000000100000000)
  eden space 16384K, 100% used [0x00000000eab00000,0x00000000ebb00000,0x00000000ebb00000)
  from space 1536K, 95% used [0x00000000ec080000,0x00000000ec1ee1d8,0x00000000ec200000)
  to   space 2048K, 0% used [0x00000000ebe00000,0x00000000ebe00000,0x00000000ec000000)
 ParOldGen       total 68608K, used 31649K [0x00000000c0000000, 0x00000000c4300000, 0x00000000eab00000)
  object space 68608K, 46% used [0x00000000c0000000,0x00000000c1ee84f0,0x00000000c4300000)
 Metaspace       used 48358K, committed 49664K, reserved 1114112K
  class space    used 5095K, committed 5632K, reserved 1048576K
}
Event: 11.466 GC heap after
{Heap after GC invocations=23 (full 2):
 PSYoungGen      total 18432K, used 1824K [0x00000000eab00000, 0x00000000ec100000, 0x0000000100000000)
  eden space 16384K, 0% used [0x00000000eab00000,0x00000000eab00000,0x00000000ebb00000)
  from space 2048K, 89% used [0x00000000ebe00000,0x00000000ebfc8010,0x00000000ec000000)
  to   space 1024K, 0% used [0x00000000ec000000,0x00000000ec000000,0x00000000ec100000)
 ParOldGen       total 68608K, used 32948K [0x00000000c0000000, 0x00000000c4300000, 0x00000000eab00000)
  object space 68608K, 48% used [0x00000000c0000000,0x00000000c202d220,0x00000000c4300000)
 Metaspace       used 48358K, committed 49664K, reserved 1114112K
  class space    used 5095K, committed 5632K, reserved 1048576K
}
Event: 11.578 GC heap before
{Heap before GC invocations=24 (full 2):
 PSYoungGen      total 18432K, used 18208K [0x00000000eab00000, 0x00000000ec100000, 0x0000000100000000)
  eden space 16384K, 100% used [0x00000000eab00000,0x00000000ebb00000,0x00000000ebb00000)
  from space 2048K, 89% used [0x00000000ebe00000,0x00000000ebfc8010,0x00000000ec000000)
  to   space 1024K, 0% used [0x00000000ec000000,0x00000000ec000000,0x00000000ec100000)
 ParOldGen       total 68608K, used 32948K [0x00000000c0000000, 0x00000000c4300000, 0x00000000eab00000)
  object space 68608K, 48% used [0x00000000c0000000,0x00000000c202d220,0x00000000c4300000)
 Metaspace       used 48709K, committed 50048K, reserved 1114112K
  class space    used 5146K, committed 5696K, reserved 1048576K
}
Event: 11.581 GC heap after
{Heap after GC invocations=24 (full 2):
 PSYoungGen      total 17408K, used 1024K [0x00000000eab00000, 0x00000000ec300000, 0x0000000100000000)
  eden space 16384K, 0% used [0x00000000eab00000,0x00000000eab00000,0x00000000ebb00000)
  from space 1024K, 100% used [0x00000000ec000000,0x00000000ec100000,0x00000000ec100000)
  to   space 4096K, 0% used [0x00000000ebb00000,0x00000000ebb00000,0x00000000ebf00000)
 ParOldGen       total 68608K, used 35597K [0x00000000c0000000, 0x00000000c4300000, 0x00000000eab00000)
  object space 68608K, 51% used [0x00000000c0000000,0x00000000c22c3640,0x00000000c4300000)
 Metaspace       used 48709K, committed 50048K, reserved 1114112K
  class space    used 5146K, committed 5696K, reserved 1048576K
}
Event: 11.643 GC heap before
{Heap before GC invocations=25 (full 2):
 PSYoungGen      total 17408K, used 17408K [0x00000000eab00000, 0x00000000ec300000, 0x0000000100000000)
  eden space 16384K, 100% used [0x00000000eab00000,0x00000000ebb00000,0x00000000ebb00000)
  from space 1024K, 100% used [0x00000000ec000000,0x00000000ec100000,0x00000000ec100000)
  to   space 4096K, 0% used [0x00000000ebb00000,0x00000000ebb00000,0x00000000ebf00000)
 ParOldGen       total 68608K, used 35597K [0x00000000c0000000, 0x00000000c4300000, 0x00000000eab00000)
  object space 68608K, 51% used [0x00000000c0000000,0x00000000c22c3640,0x00000000c4300000)
 Metaspace       used 48722K, committed 50048K, reserved 1114112K
  class space    used 5146K, committed 5696K, reserved 1048576K
}
Event: 11.646 GC heap after
{Heap after GC invocations=25 (full 2):
 PSYoungGen      total 18944K, used 2114K [0x00000000eab00000, 0x00000000ec100000, 0x0000000100000000)
  eden space 16384K, 0% used [0x00000000eab00000,0x00000000eab00000,0x00000000ebb00000)
  from space 2560K, 82% used [0x00000000ebb00000,0x00000000ebd10810,0x00000000ebd80000)
  to   space 3072K, 0% used [0x00000000ebe00000,0x00000000ebe00000,0x00000000ec100000)
 ParOldGen       total 68608K, used 36592K [0x00000000c0000000, 0x00000000c4300000, 0x00000000eab00000)
  object space 68608K, 53% used [0x00000000c0000000,0x00000000c23bc320,0x00000000c4300000)
 Metaspace       used 48722K, committed 50048K, reserved 1114112K
  class space    used 5146K, committed 5696K, reserved 1048576K
}
Event: 11.702 GC heap before
{Heap before GC invocations=26 (full 2):
 PSYoungGen      total 18944K, used 18498K [0x00000000eab00000, 0x00000000ec100000, 0x0000000100000000)
  eden space 16384K, 100% used [0x00000000eab00000,0x00000000ebb00000,0x00000000ebb00000)
  from space 2560K, 82% used [0x00000000ebb00000,0x00000000ebd10810,0x00000000ebd80000)
  to   space 3072K, 0% used [0x00000000ebe00000,0x00000000ebe00000,0x00000000ec100000)
 ParOldGen       total 68608K, used 36592K [0x00000000c0000000, 0x00000000c4300000, 0x00000000eab00000)
  object space 68608K, 53% used [0x00000000c0000000,0x00000000c23bc320,0x00000000c4300000)
 Metaspace       used 48725K, committed 50048K, reserved 1114112K
  class space    used 5146K, committed 5696K, reserved 1048576K
}
Event: 11.705 GC heap after
{Heap after GC invocations=26 (full 2):
 PSYoungGen      total 18432K, used 1892K [0x00000000eab00000, 0x00000000ec000000, 0x0000000100000000)
  eden space 16384K, 0% used [0x00000000eab00000,0x00000000eab00000,0x00000000ebb00000)
  from space 2048K, 92% used [0x00000000ebe00000,0x00000000ebfd9000,0x00000000ec000000)
  to   space 2560K, 0% used [0x00000000ebb00000,0x00000000ebb00000,0x00000000ebd80000)
 ParOldGen       total 68608K, used 38503K [0x00000000c0000000, 0x00000000c4300000, 0x00000000eab00000)
  object space 68608K, 56% used [0x00000000c0000000,0x00000000c2599ce0,0x00000000c4300000)
 Metaspace       used 48725K, committed 50048K, reserved 1114112K
  class space    used 5146K, committed 5696K, reserved 1048576K
}
Event: 11.772 GC heap before
{Heap before GC invocations=27 (full 2):
 PSYoungGen      total 18432K, used 18276K [0x00000000eab00000, 0x00000000ec000000, 0x0000000100000000)
  eden space 16384K, 100% used [0x00000000eab00000,0x00000000ebb00000,0x00000000ebb00000)
  from space 2048K, 92% used [0x00000000ebe00000,0x00000000ebfd9000,0x00000000ec000000)
  to   space 2560K, 0% used [0x00000000ebb00000,0x00000000ebb00000,0x00000000ebd80000)
 ParOldGen       total 68608K, used 38503K [0x00000000c0000000, 0x00000000c4300000, 0x00000000eab00000)
  object space 68608K, 56% used [0x00000000c0000000,0x00000000c2599ce0,0x00000000c4300000)
 Metaspace       used 48735K, committed 50112K, reserved 1114112K
  class space    used 5146K, committed 5696K, reserved 1048576K
}
Event: 11.775 GC heap after
{Heap after GC invocations=27 (full 2):
 PSYoungGen      total 18432K, used 1728K [0x00000000eab00000, 0x00000000ebf00000, 0x0000000100000000)
  eden space 16384K, 0% used [0x00000000eab00000,0x00000000eab00000,0x00000000ebb00000)
  from space 2048K, 84% used [0x00000000ebb00000,0x00000000ebcb0000,0x00000000ebd00000)
  to   space 2048K, 0% used [0x00000000ebd00000,0x00000000ebd00000,0x00000000ebf00000)
 ParOldGen       total 68608K, used 40204K [0x00000000c0000000, 0x00000000c4300000, 0x00000000eab00000)
  object space 68608K, 58% used [0x00000000c0000000,0x00000000c2743308,0x00000000c4300000)
 Metaspace       used 48735K, committed 50112K, reserved 1114112K
  class space    used 5146K, committed 5696K, reserved 1048576K
}
Event: 11.870 GC heap before
{Heap before GC invocations=28 (full 2):
 PSYoungGen      total 18432K, used 18112K [0x00000000eab00000, 0x00000000ebf00000, 0x0000000100000000)
  eden space 16384K, 100% used [0x00000000eab00000,0x00000000ebb00000,0x00000000ebb00000)
  from space 2048K, 84% used [0x00000000ebb00000,0x00000000ebcb0000,0x00000000ebd00000)
  to   space 2048K, 0% used [0x00000000ebd00000,0x00000000ebd00000,0x00000000ebf00000)
 ParOldGen       total 68608K, used 40204K [0x00000000c0000000, 0x00000000c4300000, 0x00000000eab00000)
  object space 68608K, 58% used [0x00000000c0000000,0x00000000c2743308,0x00000000c4300000)
 Metaspace       used 48760K, committed 50112K, reserved 1114112K
  class space    used 5146K, committed 5696K, reserved 1048576K
}
Event: 11.874 GC heap after
{Heap after GC invocations=28 (full 2):
 PSYoungGen      total 18432K, used 1880K [0x00000000eab00000, 0x00000000ebf00000, 0x0000000100000000)
  eden space 16384K, 0% used [0x00000000eab00000,0x00000000eab00000,0x00000000ebb00000)
  from space 2048K, 91% used [0x00000000ebd00000,0x00000000ebed6210,0x00000000ebf00000)
  to   space 2048K, 0% used [0x00000000ebb00000,0x00000000ebb00000,0x00000000ebd00000)
 ParOldGen       total 68608K, used 41844K [0x00000000c0000000, 0x00000000c4300000, 0x00000000eab00000)
  object space 68608K, 60% used [0x00000000c0000000,0x00000000c28dd308,0x00000000c4300000)
 Metaspace       used 48760K, committed 50112K, reserved 1114112K
  class space    used 5146K, committed 5696K, reserved 1048576K
}
Event: 12.028 GC heap before
{Heap before GC invocations=29 (full 2):
 PSYoungGen      total 18432K, used 18244K [0x00000000eab00000, 0x00000000ebf00000, 0x0000000100000000)
  eden space 16384K, 99% used [0x00000000eab00000,0x00000000ebafaf50,0x00000000ebb00000)
  from space 2048K, 91% used [0x00000000ebd00000,0x00000000ebed6210,0x00000000ebf00000)
  to   space 2048K, 0% used [0x00000000ebb00000,0x00000000ebb00000,0x00000000ebd00000)
 ParOldGen       total 68608K, used 41844K [0x00000000c0000000, 0x00000000c4300000, 0x00000000eab00000)
  object space 68608K, 60% used [0x00000000c0000000,0x00000000c28dd308,0x00000000c4300000)
 Metaspace       used 49150K, committed 50368K, reserved 1114112K
  class space    used 5204K, committed 5696K, reserved 1048576K
}
Event: 12.031 GC heap after
{Heap after GC invocations=29 (full 2):
 PSYoungGen      total 18432K, used 1494K [0x00000000eab00000, 0x00000000ebf00000, 0x0000000100000000)
  eden space 16384K, 0% used [0x00000000eab00000,0x00000000eab00000,0x00000000ebb00000)
  from space 2048K, 72% used [0x00000000ebb00000,0x00000000ebc75bd8,0x00000000ebd00000)
  to   space 2048K, 0% used [0x00000000ebd00000,0x00000000ebd00000,0x00000000ebf00000)
 ParOldGen       total 68608K, used 43661K [0x00000000c0000000, 0x00000000c4300000, 0x00000000eab00000)
  object space 68608K, 63% used [0x00000000c0000000,0x00000000c2aa3518,0x00000000c4300000)
 Metaspace       used 49150K, committed 50368K, reserved 1114112K
  class space    used 5204K, committed 5696K, reserved 1048576K
}
Event: 12.392 GC heap before
{Heap before GC invocations=30 (full 2):
 PSYoungGen      total 18432K, used 17817K [0x00000000eab00000, 0x00000000ebf00000, 0x0000000100000000)
  eden space 16384K, 99% used [0x00000000eab00000,0x00000000ebaf0a98,0x00000000ebb00000)
  from space 2048K, 72% used [0x00000000ebb00000,0x00000000ebc75bd8,0x00000000ebd00000)
  to   space 2048K, 0% used [0x00000000ebd00000,0x00000000ebd00000,0x00000000ebf00000)
 ParOldGen       total 68608K, used 43661K [0x00000000c0000000, 0x00000000c4300000, 0x00000000eab00000)
  object space 68608K, 63% used [0x00000000c0000000,0x00000000c2aa3518,0x00000000c4300000)
 Metaspace       used 51063K, committed 52352K, reserved 1114112K
  class space    used 5409K, committed 5952K, reserved 1048576K
}
Event: 12.395 GC heap after
{Heap after GC invocations=30 (full 2):
 PSYoungGen      total 17408K, used 596K [0x00000000eab00000, 0x00000000ebe00000, 0x0000000100000000)
  eden space 16384K, 0% used [0x00000000eab00000,0x00000000eab00000,0x00000000ebb00000)
  from space 1024K, 58% used [0x00000000ebd00000,0x00000000ebd953e8,0x00000000ebe00000)
  to   space 1024K, 0% used [0x00000000ebc00000,0x00000000ebc00000,0x00000000ebd00000)
 ParOldGen       total 68608K, used 45040K [0x00000000c0000000, 0x00000000c4300000, 0x00000000eab00000)
  object space 68608K, 65% used [0x00000000c0000000,0x00000000c2bfc3a8,0x00000000c4300000)
 Metaspace       used 51063K, committed 52352K, reserved 1114112K
  class space    used 5409K, committed 5952K, reserved 1048576K
}
Event: 12.751 GC heap before
{Heap before GC invocations=31 (full 2):
 PSYoungGen      total 17408K, used 16980K [0x00000000eab00000, 0x00000000ebe00000, 0x0000000100000000)
  eden space 16384K, 100% used [0x00000000eab00000,0x00000000ebb00000,0x00000000ebb00000)
  from space 1024K, 58% used [0x00000000ebd00000,0x00000000ebd953e8,0x00000000ebe00000)
  to   space 1024K, 0% used [0x00000000ebc00000,0x00000000ebc00000,0x00000000ebd00000)
 ParOldGen       total 68608K, used 45040K [0x00000000c0000000, 0x00000000c4300000, 0x00000000eab00000)
  object space 68608K, 65% used [0x00000000c0000000,0x00000000c2bfc3a8,0x00000000c4300000)
 Metaspace       used 51868K, committed 53184K, reserved 1114112K
  class space    used 5492K, committed 6016K, reserved 1048576K
}
Event: 12.752 GC heap after
{Heap after GC invocations=31 (full 2):
 PSYoungGen      total 17408K, used 352K [0x00000000eab00000, 0x00000000ebd80000, 0x0000000100000000)
  eden space 16384K, 0% used [0x00000000eab00000,0x00000000eab00000,0x00000000ebb00000)
  from space 1024K, 34% used [0x00000000ebc00000,0x00000000ebc58000,0x00000000ebd00000)
  to   space 512K, 0% used [0x00000000ebd00000,0x00000000ebd00000,0x00000000ebd80000)
 ParOldGen       total 68608K, used 45445K [0x00000000c0000000, 0x00000000c4300000, 0x00000000eab00000)
  object space 68608K, 66% used [0x00000000c0000000,0x00000000c2c61608,0x00000000c4300000)
 Metaspace       used 51868K, committed 53184K, reserved 1114112K
  class space    used 5492K, committed 6016K, reserved 1048576K
}
Event: 12.982 GC heap before
{Heap before GC invocations=32 (full 2):
 PSYoungGen      total 17408K, used 16736K [0x00000000eab00000, 0x00000000ebd80000, 0x0000000100000000)
  eden space 16384K, 100% used [0x00000000eab00000,0x00000000ebb00000,0x00000000ebb00000)
  from space 1024K, 34% used [0x00000000ebc00000,0x00000000ebc58000,0x00000000ebd00000)
  to   space 512K, 0% used [0x00000000ebd00000,0x00000000ebd00000,0x00000000ebd80000)
 ParOldGen       total 68608K, used 45445K [0x00000000c0000000, 0x00000000c4300000, 0x00000000eab00000)
  object space 68608K, 66% used [0x00000000c0000000,0x00000000c2c61608,0x00000000c4300000)
 Metaspace       used 52795K, committed 54080K, reserved 1114112K
  class space    used 5566K, committed 6080K, reserved 1048576K
}
Event: 12.985 GC heap after
{Heap after GC invocations=32 (full 2):
 PSYoungGen      total 16896K, used 494K [0x00000000eab00000, 0x00000000ebd80000, 0x0000000100000000)
  eden space 16384K, 0% used [0x00000000eab00000,0x00000000eab00000,0x00000000ebb00000)
  from space 512K, 96% used [0x00000000ebd00000,0x00000000ebd7b908,0x00000000ebd80000)
  to   space 1024K, 0% used [0x00000000ebc00000,0x00000000ebc00000,0x00000000ebd00000)
 ParOldGen       total 68608K, used 46440K [0x00000000c0000000, 0x00000000c4300000, 0x00000000eab00000)
  object space 68608K, 67% used [0x00000000c0000000,0x00000000c2d5a388,0x00000000c4300000)
 Metaspace       used 52795K, committed 54080K, reserved 1114112K
  class space    used 5566K, committed 6080K, reserved 1048576K
}

